2018-10-09 16:35:58.822  INFO 528 --- [main] com.ncu.springboot.Application           : Starting Application on BG332450 with PID 528 (E:\springBootLearn\spring-boot\target\classes started by BG332450 in E:\springBootLearn\spring-boot)
2018-10-09 16:35:58.832  INFO 528 --- [main] com.ncu.springboot.Application           : The following profiles are active: dev,thymeleaf
2018-10-09 16:35:58.902  INFO 528 --- [main] ConfigServletWebServerApplicationContext : Refreshing org.springframework.boot.web.servlet.context.AnnotationConfigServletWebServerApplicationContext@31c88ec8: startup date [Tue Oct 09 16:35:58 CST 2018]; root of context hierarchy
2018-10-09 16:35:59.952  WARN 528 --- [main] o.m.s.mapper.ClassPathMapperScanner      : No MyBatis mapper was found in '[com.ncu.springboot]' package. Please check your configuration.
2018-10-09 16:36:00.402  INFO 528 --- [main] trationDelegate$BeanPostProcessorChecker : Bean 'org.springframework.transaction.annotation.ProxyTransactionManagementConfiguration' of type [org.springframework.transaction.annotation.ProxyTransactionManagementConfiguration$$EnhancerBySpringCGLIB$$56a3e15f] is not eligible for getting processed by all BeanPostProcessors (for example: not eligible for auto-proxying)
2018-10-09 16:36:00.692  INFO 528 --- [main] o.s.b.w.embedded.tomcat.TomcatWebServer  : Tomcat initialized with port(s): 9090 (http)
2018-10-09 16:36:00.713  INFO 528 --- [main] o.apache.catalina.core.StandardService   : Starting service [Tomcat]
2018-10-09 16:36:00.713  INFO 528 --- [main] org.apache.catalina.core.StandardEngine  : Starting Servlet Engine: Apache Tomcat/8.5.32
2018-10-09 16:36:00.716  INFO 528 --- [localhost-startStop-1] o.a.catalina.core.AprLifecycleListener   : The APR based Apache Tomcat Native library which allows optimal performance in production environments was not found on the java.library.path: [D:\SoftWare\Java\jdk1.8.0_162\bin;C:\Windows\Sun\Java\bin;C:\Windows\system32;C:\Windows;C:\ProgramData\Oracle\Java\javapath;C:\Windows\system32;C:\Windows;C:\Windows\System32\Wbem;C:\Windows\System32\WindowsPowerShell\v1.0\;D:\SoftWare\nodejs\;D:\SoftWare\Git\cmd;%NODE_PATH%;D:\SoftWare\TortoiseGit\bin;D:\SoftWare\Python\Python27;D:\SoftWare\TortoiseSVN\bin;D:\SoftWare\gradle\gradle-4.9\bin;C:\Users\BG332450\AppData\Local\Microsoft\WindowsApps;D:\SoftWare\apache-maven-3.3.9\bin;D:\SoftWare\Java\jdk1.8.0_162\bin;C:\Users\BG332450\AppData\Roaming\npm;%MySQL%\bin;C:\Users\BG332450\react-family\node_modules\.bin;D:\SoftWare\Redis-x64-3.2.100;.]
2018-10-09 16:36:00.806  INFO 528 --- [localhost-startStop-1] o.a.c.c.C.[Tomcat].[localhost].[/]       : Initializing Spring embedded WebApplicationContext
2018-10-09 16:36:00.806  INFO 528 --- [localhost-startStop-1] o.s.web.context.ContextLoader            : Root WebApplicationContext: initialization completed in 1904 ms
2018-10-09 16:36:00.856  INFO 528 --- [localhost-startStop-1] o.s.b.w.servlet.FilterRegistrationBean   : Mapping filter: 'characterEncodingFilter' to: [/*]
2018-10-09 16:36:00.856  INFO 528 --- [localhost-startStop-1] .s.DelegatingFilterProxyRegistrationBean : Mapping filter: 'springSecurityFilterChain' to: [/*]
2018-10-09 16:36:00.856  INFO 528 --- [localhost-startStop-1] o.s.b.w.servlet.FilterRegistrationBean   : Mapping filter: 'resourceUrlEncodingFilter' to: [/*]
2018-10-09 16:36:00.856  INFO 528 --- [localhost-startStop-1] o.s.b.w.servlet.ServletRegistrationBean  : Servlet dispatcherServlet mapped to [/]
2018-10-09 16:36:00.886  INFO 528 --- [main] com.ncu.springboot.Application           : MYSQL数据源建立: root 
2018-10-09 16:36:01.176  INFO 528 --- [main] com.alibaba.druid.pool.DruidDataSource   : {dataSource-1} inited
2018-10-09 16:36:01.196  INFO 528 --- [main] j.LocalContainerEntityManagerFactoryBean : Building JPA container EntityManagerFactory for persistence unit 'default'
2018-10-09 16:36:01.336  INFO 528 --- [main] o.hibernate.jpa.internal.util.LogHelper  : HHH000204: Processing PersistenceUnitInfo [
	name: default
	...]
2018-10-09 16:36:01.526  INFO 528 --- [main] org.hibernate.Version                    : HHH000412: Hibernate Core {5.2.17.Final}
2018-10-09 16:36:01.526  INFO 528 --- [main] org.hibernate.cfg.Environment            : HHH000206: hibernate.properties not found
2018-10-09 16:36:01.606  INFO 528 --- [main] o.hibernate.annotations.common.Version   : HCANN000001: Hibernate Commons Annotations {5.0.1.Final}
2018-10-09 16:36:01.837  INFO 528 --- [main] org.hibernate.dialect.Dialect            : HHH000400: Using dialect: org.hibernate.dialect.MySQL5Dialect
2018-10-09 16:36:02.387  INFO 528 --- [main] j.LocalContainerEntityManagerFactoryBean : Initialized JPA EntityManagerFactory for persistence unit 'default'
2018-10-09 16:36:02.825  WARN 528 --- [main] aWebConfiguration$JpaWebMvcConfiguration : spring.jpa.open-in-view is enabled by default. Therefore, database queries may be performed during view rendering. Explicitly configure spring.jpa.open-in-view to disable this warning
2018-10-09 16:36:02.864  INFO 528 --- [main] s.w.s.m.m.a.RequestMappingHandlerMapping : Mapped "{[/thymeleaf/websocket]}" onto public org.springframework.web.servlet.ModelAndView com.ncu.springboot.mvc.controller.ThymeleafController.index()
2018-10-09 16:36:02.874  INFO 528 --- [main] s.w.s.m.m.a.RequestMappingHandlerMapping : Mapped "{[/user/{id}],methods=[GET]}" onto public org.springframework.web.servlet.ModelAndView com.ncu.springboot.mvc.controller.UserController.view(java.lang.Long,org.springframework.ui.Model)
2018-10-09 16:36:02.874  INFO 528 --- [main] s.w.s.m.m.a.RequestMappingHandlerMapping : Mapped "{[/login],methods=[POST]}" onto public java.util.Map<java.lang.String, java.lang.String> com.ncu.springboot.mvc.controller.UserController.login(javax.servlet.http.HttpServletRequest,java.lang.String,java.lang.String)
2018-10-09 16:36:02.874  INFO 528 --- [main] s.w.s.m.m.a.RequestMappingHandlerMapping : Mapped "{[/error]}" onto public org.springframework.http.ResponseEntity<java.util.Map<java.lang.String, java.lang.Object>> org.springframework.boot.autoconfigure.web.servlet.error.BasicErrorController.error(javax.servlet.http.HttpServletRequest)
2018-10-09 16:36:02.874  INFO 528 --- [main] s.w.s.m.m.a.RequestMappingHandlerMapping : Mapped "{[/error],produces=[text/html]}" onto public org.springframework.web.servlet.ModelAndView org.springframework.boot.autoconfigure.web.servlet.error.BasicErrorController.errorHtml(javax.servlet.http.HttpServletRequest,javax.servlet.http.HttpServletResponse)
2018-10-09 16:36:02.884  INFO 528 --- [main] o.s.w.s.handler.SimpleUrlHandlerMapping  : Mapped URL path [/loginPage] onto handler of type [class org.springframework.web.servlet.mvc.ParameterizableViewController]
2018-10-09 16:36:02.884  INFO 528 --- [main] o.s.w.s.handler.SimpleUrlHandlerMapping  : Mapped URL path [/index] onto handler of type [class org.springframework.web.servlet.mvc.ParameterizableViewController]
2018-10-09 16:36:02.884  INFO 528 --- [main] o.s.w.s.handler.SimpleUrlHandlerMapping  : Root mapping to handler of type [class org.springframework.web.servlet.mvc.ParameterizableViewController]
2018-10-09 16:36:02.904  INFO 528 --- [main] o.s.w.s.handler.SimpleUrlHandlerMapping  : Mapped URL path [/webjars/**] onto handler of type [class org.springframework.web.servlet.resource.ResourceHttpRequestHandler]
2018-10-09 16:36:02.965  INFO 528 --- [main] s.w.s.m.m.a.RequestMappingHandlerAdapter : Looking for @ControllerAdvice: org.springframework.boot.web.servlet.context.AnnotationConfigServletWebServerApplicationContext@31c88ec8: startup date [Tue Oct 09 16:35:58 CST 2018]; root of context hierarchy
2018-10-09 16:36:02.985  INFO 528 --- [main] .m.m.a.ExceptionHandlerExceptionResolver : Detected @ExceptionHandler methods in globalExceptionHandler
2018-10-09 16:36:03.064  INFO 528 --- [main] .s.s.UserDetailsServiceAutoConfiguration : 

Using generated security password: 82238f7b-4bcb-4fd2-80d1-5bb11902d366

2018-10-09 16:36:03.164  INFO 528 --- [main] o.s.s.web.DefaultSecurityFilterChain     : Creating filter chain: Ant [pattern='/webjars/**'], []
2018-10-09 16:36:03.254  INFO 528 --- [main] o.s.s.web.DefaultSecurityFilterChain     : Creating filter chain: org.springframework.security.web.util.matcher.AnyRequestMatcher@1, [org.springframework.security.web.context.request.async.WebAsyncManagerIntegrationFilter@69aabcb0, org.springframework.security.web.context.SecurityContextPersistenceFilter@11d4d979, org.springframework.security.web.header.HeaderWriterFilter@16e99306, org.springframework.security.web.authentication.logout.LogoutFilter@f613067, org.springframework.security.web.authentication.UsernamePasswordAuthenticationFilter@261de205, org.springframework.security.web.savedrequest.RequestCacheAwareFilter@3c25cfe1, org.springframework.security.web.servletapi.SecurityContextHolderAwareRequestFilter@57f8951a, org.springframework.security.web.authentication.AnonymousAuthenticationFilter@32a72c4, org.springframework.security.web.session.SessionManagementFilter@48581a3b, org.springframework.security.web.access.ExceptionTranslationFilter@489bc8fd, org.springframework.security.web.access.intercept.FilterSecurityInterceptor@96897c8]
2018-10-09 16:36:03.778  INFO 528 --- [main] o.s.w.s.s.s.ServerEndpointExporter       : Registering @ServerEndpoint class: class com.ncu.springboot.websocket.BitCoinWebSocketServer
2018-10-09 16:36:03.788  INFO 528 --- [main] o.s.j.e.a.AnnotationMBeanExporter        : Registering beans for JMX exposure on startup
2018-10-09 16:36:03.788  INFO 528 --- [main] o.s.j.e.a.AnnotationMBeanExporter        : Bean with name 'dataSource' has been autodetected for JMX exposure
2018-10-09 16:36:03.798  INFO 528 --- [main] o.s.j.e.a.AnnotationMBeanExporter        : Located MBean 'dataSource': registering with JMX server as MBean [com.alibaba.druid.pool:name=dataSource,type=DruidDataSource]
2018-10-09 16:36:03.838  INFO 528 --- [main] o.s.b.w.embedded.tomcat.TomcatWebServer  : Tomcat started on port(s): 9090 (http) with context path ''
2018-10-09 16:36:03.848  INFO 528 --- [main] com.ncu.springboot.Application           : Started Application in 5.736 seconds (JVM running for 7.666)
2018-10-09 16:36:13.617  INFO 528 --- [http-nio-9090-exec-1] o.a.c.c.C.[Tomcat].[localhost].[/]       : Initializing Spring FrameworkServlet 'dispatcherServlet'
2018-10-09 16:36:13.618  INFO 528 --- [http-nio-9090-exec-1] o.s.web.servlet.DispatcherServlet        : FrameworkServlet 'dispatcherServlet': initialization started
2018-10-09 16:36:13.682  INFO 528 --- [http-nio-9090-exec-1] o.s.web.servlet.DispatcherServlet        : FrameworkServlet 'dispatcherServlet': initialization completed in 64 ms
2018-10-09 16:37:29.931  INFO 4916 --- [main] com.ncu.springboot.Application           : Starting Application on BG332450 with PID 4916 (E:\springBootLearn\spring-boot\target\classes started by BG332450 in E:\springBootLearn\spring-boot)
2018-10-09 16:37:29.931  INFO 4916 --- [main] com.ncu.springboot.Application           : The following profiles are active: dev,thymeleaf
2018-10-09 16:37:29.971  INFO 4916 --- [main] ConfigServletWebServerApplicationContext : Refreshing org.springframework.boot.web.servlet.context.AnnotationConfigServletWebServerApplicationContext@3daa422a: startup date [Tue Oct 09 16:37:29 CST 2018]; root of context hierarchy
2018-10-09 16:37:30.648  WARN 4916 --- [main] o.m.s.mapper.ClassPathMapperScanner      : No MyBatis mapper was found in '[com.ncu.springboot]' package. Please check your configuration.
2018-10-09 16:37:30.959  INFO 4916 --- [main] trationDelegate$BeanPostProcessorChecker : Bean 'org.springframework.transaction.annotation.ProxyTransactionManagementConfiguration' of type [org.springframework.transaction.annotation.ProxyTransactionManagementConfiguration$$EnhancerBySpringCGLIB$$2ae4448c] is not eligible for getting processed by all BeanPostProcessors (for example: not eligible for auto-proxying)
2018-10-09 16:37:31.209  INFO 4916 --- [main] o.s.b.w.embedded.tomcat.TomcatWebServer  : Tomcat initialized with port(s): 9090 (http)
2018-10-09 16:37:31.239  INFO 4916 --- [main] o.apache.catalina.core.StandardService   : Starting service [Tomcat]
2018-10-09 16:37:31.239  INFO 4916 --- [main] org.apache.catalina.core.StandardEngine  : Starting Servlet Engine: Apache Tomcat/8.5.32
2018-10-09 16:37:31.239  INFO 4916 --- [localhost-startStop-1] o.a.catalina.core.AprLifecycleListener   : The APR based Apache Tomcat Native library which allows optimal performance in production environments was not found on the java.library.path: [D:\SoftWare\Java\jdk1.8.0_162\bin;C:\Windows\Sun\Java\bin;C:\Windows\system32;C:\Windows;C:\ProgramData\Oracle\Java\javapath;C:\Windows\system32;C:\Windows;C:\Windows\System32\Wbem;C:\Windows\System32\WindowsPowerShell\v1.0\;D:\SoftWare\nodejs\;D:\SoftWare\Git\cmd;%NODE_PATH%;D:\SoftWare\TortoiseGit\bin;D:\SoftWare\Python\Python27;D:\SoftWare\TortoiseSVN\bin;D:\SoftWare\gradle\gradle-4.9\bin;C:\Users\BG332450\AppData\Local\Microsoft\WindowsApps;D:\SoftWare\apache-maven-3.3.9\bin;D:\SoftWare\Java\jdk1.8.0_162\bin;C:\Users\BG332450\AppData\Roaming\npm;%MySQL%\bin;C:\Users\BG332450\react-family\node_modules\.bin;D:\SoftWare\Redis-x64-3.2.100;.]
2018-10-09 16:37:31.339  INFO 4916 --- [localhost-startStop-1] o.a.c.c.C.[Tomcat].[localhost].[/]       : Initializing Spring embedded WebApplicationContext
2018-10-09 16:37:31.339  INFO 4916 --- [localhost-startStop-1] o.s.web.context.ContextLoader            : Root WebApplicationContext: initialization completed in 1368 ms
2018-10-09 16:37:31.359  INFO 4916 --- [localhost-startStop-1] o.s.b.w.servlet.ServletRegistrationBean  : Servlet dispatcherServlet mapped to [/]
2018-10-09 16:37:31.369  INFO 4916 --- [localhost-startStop-1] o.s.b.w.servlet.FilterRegistrationBean   : Mapping filter: 'characterEncodingFilter' to: [/*]
2018-10-09 16:37:31.369  INFO 4916 --- [localhost-startStop-1] o.s.b.w.servlet.FilterRegistrationBean   : Mapping filter: 'resourceUrlEncodingFilter' to: [/*]
2018-10-09 16:37:31.399  INFO 4916 --- [main] com.ncu.springboot.Application           : MYSQL数据源建立: root 
2018-10-09 16:37:31.679  INFO 4916 --- [main] com.alibaba.druid.pool.DruidDataSource   : {dataSource-1} inited
2018-10-09 16:37:31.710  INFO 4916 --- [main] j.LocalContainerEntityManagerFactoryBean : Building JPA container EntityManagerFactory for persistence unit 'default'
2018-10-09 16:37:31.820  INFO 4916 --- [main] o.hibernate.jpa.internal.util.LogHelper  : HHH000204: Processing PersistenceUnitInfo [
	name: default
	...]
2018-10-09 16:37:31.860  INFO 4916 --- [main] org.hibernate.Version                    : HHH000412: Hibernate Core {5.2.17.Final}
2018-10-09 16:37:31.870  INFO 4916 --- [main] org.hibernate.cfg.Environment            : HHH000206: hibernate.properties not found
2018-10-09 16:37:31.890  INFO 4916 --- [main] o.hibernate.annotations.common.Version   : HCANN000001: Hibernate Commons Annotations {5.0.1.Final}
2018-10-09 16:37:31.980  INFO 4916 --- [main] org.hibernate.dialect.Dialect            : HHH000400: Using dialect: org.hibernate.dialect.MySQL5Dialect
2018-10-09 16:37:32.310  INFO 4916 --- [main] j.LocalContainerEntityManagerFactoryBean : Initialized JPA EntityManagerFactory for persistence unit 'default'
2018-10-09 16:37:32.510  WARN 4916 --- [main] aWebConfiguration$JpaWebMvcConfiguration : spring.jpa.open-in-view is enabled by default. Therefore, database queries may be performed during view rendering. Explicitly configure spring.jpa.open-in-view to disable this warning
2018-10-09 16:37:32.560  INFO 4916 --- [main] s.w.s.m.m.a.RequestMappingHandlerMapping : Mapped "{[/thymeleaf/websocket]}" onto public org.springframework.web.servlet.ModelAndView com.ncu.springboot.mvc.controller.ThymeleafController.index()
2018-10-09 16:37:32.560  INFO 4916 --- [main] s.w.s.m.m.a.RequestMappingHandlerMapping : Mapped "{[/user/{id}],methods=[GET]}" onto public org.springframework.web.servlet.ModelAndView com.ncu.springboot.mvc.controller.UserController.view(java.lang.Long,org.springframework.ui.Model)
2018-10-09 16:37:32.560  INFO 4916 --- [main] s.w.s.m.m.a.RequestMappingHandlerMapping : Mapped "{[/login],methods=[POST]}" onto public java.util.Map<java.lang.String, java.lang.String> com.ncu.springboot.mvc.controller.UserController.login(javax.servlet.http.HttpServletRequest,java.lang.String,java.lang.String)
2018-10-09 16:37:32.560  INFO 4916 --- [main] s.w.s.m.m.a.RequestMappingHandlerMapping : Mapped "{[/error]}" onto public org.springframework.http.ResponseEntity<java.util.Map<java.lang.String, java.lang.Object>> org.springframework.boot.autoconfigure.web.servlet.error.BasicErrorController.error(javax.servlet.http.HttpServletRequest)
2018-10-09 16:37:32.560  INFO 4916 --- [main] s.w.s.m.m.a.RequestMappingHandlerMapping : Mapped "{[/error],produces=[text/html]}" onto public org.springframework.web.servlet.ModelAndView org.springframework.boot.autoconfigure.web.servlet.error.BasicErrorController.errorHtml(javax.servlet.http.HttpServletRequest,javax.servlet.http.HttpServletResponse)
2018-10-09 16:37:32.580  INFO 4916 --- [main] o.s.w.s.handler.SimpleUrlHandlerMapping  : Mapped URL path [/loginPage] onto handler of type [class org.springframework.web.servlet.mvc.ParameterizableViewController]
2018-10-09 16:37:32.580  INFO 4916 --- [main] o.s.w.s.handler.SimpleUrlHandlerMapping  : Mapped URL path [/index] onto handler of type [class org.springframework.web.servlet.mvc.ParameterizableViewController]
2018-10-09 16:37:32.580  INFO 4916 --- [main] o.s.w.s.handler.SimpleUrlHandlerMapping  : Root mapping to handler of type [class org.springframework.web.servlet.mvc.ParameterizableViewController]
2018-10-09 16:37:32.590  INFO 4916 --- [main] o.s.w.s.handler.SimpleUrlHandlerMapping  : Mapped URL path [/webjars/**] onto handler of type [class org.springframework.web.servlet.resource.ResourceHttpRequestHandler]
2018-10-09 16:37:32.630  INFO 4916 --- [main] s.w.s.m.m.a.RequestMappingHandlerAdapter : Looking for @ControllerAdvice: org.springframework.boot.web.servlet.context.AnnotationConfigServletWebServerApplicationContext@3daa422a: startup date [Tue Oct 09 16:37:29 CST 2018]; root of context hierarchy
2018-10-09 16:37:32.660  INFO 4916 --- [main] .m.m.a.ExceptionHandlerExceptionResolver : Detected @ExceptionHandler methods in globalExceptionHandler
2018-10-09 16:37:33.006  INFO 4916 --- [main] o.s.w.s.s.s.ServerEndpointExporter       : Registering @ServerEndpoint class: class com.ncu.springboot.websocket.BitCoinWebSocketServer
2018-10-09 16:37:33.006  INFO 4916 --- [main] o.s.j.e.a.AnnotationMBeanExporter        : Registering beans for JMX exposure on startup
2018-10-09 16:37:33.006  INFO 4916 --- [main] o.s.j.e.a.AnnotationMBeanExporter        : Bean with name 'dataSource' has been autodetected for JMX exposure
2018-10-09 16:37:33.016  INFO 4916 --- [main] o.s.j.e.a.AnnotationMBeanExporter        : Located MBean 'dataSource': registering with JMX server as MBean [com.alibaba.druid.pool:name=dataSource,type=DruidDataSource]
2018-10-09 16:37:33.036  INFO 4916 --- [main] o.s.b.w.embedded.tomcat.TomcatWebServer  : Tomcat started on port(s): 9090 (http) with context path ''
2018-10-09 16:37:33.036  INFO 4916 --- [main] com.ncu.springboot.Application           : Started Application in 3.466 seconds (JVM running for 4.606)
2018-10-09 16:37:37.379  INFO 4916 --- [http-nio-9090-exec-1] o.a.c.c.C.[Tomcat].[localhost].[/]       : Initializing Spring FrameworkServlet 'dispatcherServlet'
2018-10-09 16:37:37.379  INFO 4916 --- [http-nio-9090-exec-1] o.s.web.servlet.DispatcherServlet        : FrameworkServlet 'dispatcherServlet': initialization started
2018-10-09 16:37:37.394  INFO 4916 --- [http-nio-9090-exec-1] o.s.web.servlet.DispatcherServlet        : FrameworkServlet 'dispatcherServlet': initialization completed in 15 ms
2018-10-09 16:37:37.621  WARN 4916 --- [http-nio-9090-exec-2] o.s.web.servlet.PageNotFound             : No mapping found for HTTP request with URI [/favicon.ico] in DispatcherServlet with name 'dispatcherServlet'
2018-10-09 16:37:41.177  WARN 4916 --- [http-nio-9090-exec-3] o.s.web.servlet.PageNotFound             : No mapping found for HTTP request with URI [/loginPageasd] in DispatcherServlet with name 'dispatcherServlet'
2018-10-09 16:37:48.177  INFO 4916 --- [http-nio-9090-exec-6] c.n.s.mvc.controller.UserController      : 用户登录
2018-10-09 16:37:49.620  INFO 4916 --- [http-nio-9090-exec-7] c.n.s.m.controller.ThymeleafController   : 开启新线程实时推送价格
2018-10-09 16:37:49.956  INFO 4916 --- [http-nio-9090-exec-9] c.n.springboot.websocket.ServerManager   : 有新连接加入！ 当前总连接数是：1
2018-10-09 16:37:49.958  INFO 4916 --- [http-nio-9090-exec-9] c.n.s.websocket.BitCoinWebSocketServer   : 来自客户端的消息:客户端连接成功
2018-10-09 16:37:51.905  INFO 4916 --- [T-Websocket] com.ncu.springboot.Application           : 新价格--------------------120328------------------------------------------------------------------
2018-10-09 16:37:52.491  INFO 4916 --- [http-nio-9090-exec-1] c.n.springboot.websocket.ServerManager   : 有连接退出！ 当前总连接数是：0
2018-10-09 16:37:53.859  INFO 4916 --- [T-Websocket] com.ncu.springboot.Application           : 新价格--------------------58898------------------------------------------------------------------
2018-10-09 16:37:56.076  INFO 4916 --- [T-Websocket] com.ncu.springboot.Application           : 新价格--------------------69028------------------------------------------------------------------
2018-10-09 16:37:58.209  INFO 4916 --- [T-Websocket] com.ncu.springboot.Application           : 新价格--------------------71244------------------------------------------------------------------
