15:21:09.934 logback [main] INFO  com.ncu.springboot.Application - Starting Application on BG332450 with PID 10576 (E:\springBootLearn\spring-boot\target\classes started by BG332450 in E:\springBootLearn\spring-boot)
15:21:09.934 logback [main] INFO  com.ncu.springboot.Application - The following profiles are active: dev,thymeleaf
15:21:09.994 logback [main] INFO  o.s.b.w.s.c.AnnotationConfigServletWebServerApplicationContext - Refreshing org.springframework.boot.web.servlet.context.AnnotationConfigServletWebServerApplicationContext@6dc17b83: startup date [Wed Aug 29 15:21:09 CST 2018]; root of context hierarchy
15:21:10.785 logback [main] INFO  o.s.b.w.e.tomcat.TomcatWebServer - Tomcat initialized with port(s): 9090 (http)
15:21:10.795 logback [main] INFO  o.a.coyote.http11.Http11NioProtocol - Initializing ProtocolHandler ["http-nio-9090"]
15:21:10.795 logback [main] INFO  o.a.catalina.core.StandardService - Starting service [Tomcat]
15:21:10.795 logback [main] INFO  o.a.catalina.core.StandardEngine - Starting Servlet Engine: Apache Tomcat/8.5.32
15:21:10.805 logback [localhost-startStop-1] INFO  o.a.c.core.AprLifecycleListener - The APR based Apache Tomcat Native library which allows optimal performance in production environments was not found on the java.library.path: [D:\SoftWare\Java\jdk1.8.0_162\bin;C:\Windows\Sun\Java\bin;C:\Windows\system32;C:\Windows;C:\ProgramData\Oracle\Java\javapath;C:\Windows\system32;C:\Windows;C:\Windows\System32\Wbem;C:\Windows\System32\WindowsPowerShell\v1.0\;D:\SoftWare\nodejs\;D:\SoftWare\Git\cmd;%NODE_PATH%;D:\SoftWare\TortoiseGit\bin;D:\SoftWare\Python\Python27;D:\SoftWare\TortoiseSVN\bin;D:\SoftWare\gradle\gradle-4.9\bin;C:\Users\BG332450\AppData\Local\Microsoft\WindowsApps;D:\SoftWare\apache-maven-3.3.9\bin;D:\SoftWare\Java\jdk1.8.0_162\bin;C:\Users\BG332450\AppData\Roaming\npm;%MySQL%\bin;C:\Users\BG332450\react-family\node_modules\.bin;D:\SoftWare\Redis-x64-3.2.100;.]
15:21:10.865 logback [localhost-startStop-1] INFO  o.a.c.c.C.[Tomcat].[localhost].[/] - Initializing Spring embedded WebApplicationContext
15:21:10.865 logback [localhost-startStop-1] INFO  o.s.web.context.ContextLoader - Root WebApplicationContext: initialization completed in 871 ms
15:21:10.906 logback [localhost-startStop-1] INFO  o.s.b.w.s.ServletRegistrationBean - Servlet dispatcherServlet mapped to [/]
15:21:10.906 logback [localhost-startStop-1] INFO  o.s.b.w.s.FilterRegistrationBean - Mapping filter: 'characterEncodingFilter' to: [/*]
15:21:10.906 logback [localhost-startStop-1] INFO  o.s.b.w.s.FilterRegistrationBean - Mapping filter: 'hiddenHttpMethodFilter' to: [/*]
15:21:10.906 logback [localhost-startStop-1] INFO  o.s.b.w.s.FilterRegistrationBean - Mapping filter: 'httpPutFormContentFilter' to: [/*]
15:21:10.906 logback [localhost-startStop-1] INFO  o.s.b.w.s.FilterRegistrationBean - Mapping filter: 'requestContextFilter' to: [/*]
15:21:10.906 logback [localhost-startStop-1] INFO  o.s.b.w.s.FilterRegistrationBean - Mapping filter: 'resourceUrlEncodingFilter' to: [/*]
15:21:10.976 logback [main] INFO  o.s.w.s.h.SimpleUrlHandlerMapping - Mapped URL path [/**/favicon.ico] onto handler of type [class org.springframework.web.servlet.resource.ResourceHttpRequestHandler]
15:21:11.096 logback [main] INFO  o.s.w.s.m.m.a.RequestMappingHandlerAdapter - Looking for @ControllerAdvice: org.springframework.boot.web.servlet.context.AnnotationConfigServletWebServerApplicationContext@6dc17b83: startup date [Wed Aug 29 15:21:09 CST 2018]; root of context hierarchy
15:21:11.126 logback [main] INFO  o.s.w.s.m.m.a.RequestMappingHandlerMapping - Mapped "{[/login]}" onto public java.util.Map<java.lang.String, java.lang.String> com.ncu.springboot.Application.login(javax.servlet.http.HttpServletRequest)
15:21:11.126 logback [main] INFO  o.s.w.s.m.m.a.RequestMappingHandlerMapping - Mapped "{[/]}" onto public org.springframework.web.servlet.ModelAndView com.ncu.springboot.Application.webSocketView()
15:21:11.126 logback [main] INFO  o.s.w.s.m.m.a.RequestMappingHandlerMapping - Mapped "{[/thymeleaf/websocket]}" onto public org.springframework.web.servlet.ModelAndView com.ncu.springboot.ThymeleafController.index()
15:21:11.126 logback [main] INFO  o.s.w.s.m.m.a.RequestMappingHandlerMapping - Mapped "{[/error]}" onto public org.springframework.http.ResponseEntity<java.util.Map<java.lang.String, java.lang.Object>> org.springframework.boot.autoconfigure.web.servlet.error.BasicErrorController.error(javax.servlet.http.HttpServletRequest)
15:21:11.126 logback [main] INFO  o.s.w.s.m.m.a.RequestMappingHandlerMapping - Mapped "{[/error],produces=[text/html]}" onto public org.springframework.web.servlet.ModelAndView org.springframework.boot.autoconfigure.web.servlet.error.BasicErrorController.errorHtml(javax.servlet.http.HttpServletRequest,javax.servlet.http.HttpServletResponse)
15:21:11.136 logback [main] INFO  o.s.w.s.h.SimpleUrlHandlerMapping - Mapped URL path [/toView] onto handler of type [class org.springframework.web.servlet.mvc.ParameterizableViewController]
15:21:11.136 logback [main] INFO  o.s.w.s.h.SimpleUrlHandlerMapping - Mapped URL path [/toLogin] onto handler of type [class org.springframework.web.servlet.mvc.ParameterizableViewController]
15:21:11.136 logback [main] INFO  o.s.w.s.h.SimpleUrlHandlerMapping - Mapped URL path [/toIndex] onto handler of type [class org.springframework.web.servlet.mvc.ParameterizableViewController]
15:21:11.156 logback [main] INFO  o.s.w.s.h.SimpleUrlHandlerMapping - Mapped URL path [/webjars/**] onto handler of type [class org.springframework.web.servlet.resource.ResourceHttpRequestHandler]
15:21:11.156 logback [main] INFO  o.s.w.s.h.SimpleUrlHandlerMapping - Mapped URL path [/**] onto handler of type [class org.springframework.web.servlet.resource.ResourceHttpRequestHandler]
15:21:11.296 logback [main] INFO  o.s.w.s.s.s.ServerEndpointExporter - Registering @ServerEndpoint class: class com.ncu.springboot.BitCoinServer
15:21:11.306 logback [main] INFO  o.s.j.e.a.AnnotationMBeanExporter - Registering beans for JMX exposure on startup
15:21:11.316 logback [main] INFO  o.a.coyote.http11.Http11NioProtocol - Starting ProtocolHandler ["http-nio-9090"]
15:21:11.316 logback [main] INFO  o.a.tomcat.util.net.NioSelectorPool - Using a shared selector for servlet write/read
15:21:11.336 logback [main] INFO  o.s.b.w.e.tomcat.TomcatWebServer - Tomcat started on port(s): 9090 (http) with context path ''
15:21:11.336 logback [main] INFO  com.ncu.springboot.Application - Started Application in 1.747 seconds (JVM running for 2.289)
15:22:21.612 logback [main] INFO  com.ncu.springboot.Application - Starting Application on BG332450 with PID 9548 (E:\springBootLearn\spring-boot\target\classes started by BG332450 in E:\springBootLearn\spring-boot)
15:22:21.612 logback [main] INFO  com.ncu.springboot.Application - The following profiles are active: dev,thymeleaf
15:22:21.648 logback [main] INFO  o.s.b.w.s.c.AnnotationConfigServletWebServerApplicationContext - Refreshing org.springframework.boot.web.servlet.context.AnnotationConfigServletWebServerApplicationContext@1fa268de: startup date [Wed Aug 29 15:22:21 CST 2018]; root of context hierarchy
15:22:22.422 logback [main] INFO  o.s.b.w.e.tomcat.TomcatWebServer - Tomcat initialized with port(s): 9090 (http)
15:22:22.432 logback [main] INFO  o.a.coyote.http11.Http11NioProtocol - Initializing ProtocolHandler ["http-nio-9090"]
15:22:22.432 logback [main] INFO  o.a.catalina.core.StandardService - Starting service [Tomcat]
15:22:22.432 logback [main] INFO  o.a.catalina.core.StandardEngine - Starting Servlet Engine: Apache Tomcat/8.5.32
15:22:22.442 logback [localhost-startStop-1] INFO  o.a.c.core.AprLifecycleListener - The APR based Apache Tomcat Native library which allows optimal performance in production environments was not found on the java.library.path: [D:\SoftWare\Java\jdk1.8.0_162\bin;C:\Windows\Sun\Java\bin;C:\Windows\system32;C:\Windows;C:\ProgramData\Oracle\Java\javapath;C:\Windows\system32;C:\Windows;C:\Windows\System32\Wbem;C:\Windows\System32\WindowsPowerShell\v1.0\;D:\SoftWare\nodejs\;D:\SoftWare\Git\cmd;%NODE_PATH%;D:\SoftWare\TortoiseGit\bin;D:\SoftWare\Python\Python27;D:\SoftWare\TortoiseSVN\bin;D:\SoftWare\gradle\gradle-4.9\bin;C:\Users\BG332450\AppData\Local\Microsoft\WindowsApps;D:\SoftWare\apache-maven-3.3.9\bin;D:\SoftWare\Java\jdk1.8.0_162\bin;C:\Users\BG332450\AppData\Roaming\npm;%MySQL%\bin;C:\Users\BG332450\react-family\node_modules\.bin;D:\SoftWare\Redis-x64-3.2.100;.]
15:22:22.502 logback [localhost-startStop-1] INFO  o.a.c.c.C.[Tomcat].[localhost].[/] - Initializing Spring embedded WebApplicationContext
15:22:22.502 logback [localhost-startStop-1] INFO  o.s.web.context.ContextLoader - Root WebApplicationContext: initialization completed in 854 ms
15:22:22.549 logback [localhost-startStop-1] INFO  o.s.b.w.s.ServletRegistrationBean - Servlet dispatcherServlet mapped to [/]
15:22:22.552 logback [localhost-startStop-1] INFO  o.s.b.w.s.FilterRegistrationBean - Mapping filter: 'characterEncodingFilter' to: [/*]
15:22:22.553 logback [localhost-startStop-1] INFO  o.s.b.w.s.FilterRegistrationBean - Mapping filter: 'hiddenHttpMethodFilter' to: [/*]
15:22:22.553 logback [localhost-startStop-1] INFO  o.s.b.w.s.FilterRegistrationBean - Mapping filter: 'httpPutFormContentFilter' to: [/*]
15:22:22.553 logback [localhost-startStop-1] INFO  o.s.b.w.s.FilterRegistrationBean - Mapping filter: 'requestContextFilter' to: [/*]
15:22:22.553 logback [localhost-startStop-1] INFO  o.s.b.w.s.FilterRegistrationBean - Mapping filter: 'resourceUrlEncodingFilter' to: [/*]
15:22:22.625 logback [main] INFO  o.s.w.s.h.SimpleUrlHandlerMapping - Mapped URL path [/**/favicon.ico] onto handler of type [class org.springframework.web.servlet.resource.ResourceHttpRequestHandler]
15:22:22.745 logback [main] INFO  o.s.w.s.m.m.a.RequestMappingHandlerAdapter - Looking for @ControllerAdvice: org.springframework.boot.web.servlet.context.AnnotationConfigServletWebServerApplicationContext@1fa268de: startup date [Wed Aug 29 15:22:21 CST 2018]; root of context hierarchy
15:22:22.775 logback [main] INFO  o.s.w.s.m.m.a.RequestMappingHandlerMapping - Mapped "{[/login]}" onto public java.util.Map<java.lang.String, java.lang.String> com.ncu.springboot.Application.login(javax.servlet.http.HttpServletRequest)
15:22:22.785 logback [main] INFO  o.s.w.s.m.m.a.RequestMappingHandlerMapping - Mapped "{[/]}" onto public org.springframework.web.servlet.ModelAndView com.ncu.springboot.Application.webSocketView()
15:22:22.785 logback [main] INFO  o.s.w.s.m.m.a.RequestMappingHandlerMapping - Mapped "{[/thymeleaf/websocket]}" onto public org.springframework.web.servlet.ModelAndView com.ncu.springboot.ThymeleafController.index()
15:22:22.785 logback [main] INFO  o.s.w.s.m.m.a.RequestMappingHandlerMapping - Mapped "{[/error]}" onto public org.springframework.http.ResponseEntity<java.util.Map<java.lang.String, java.lang.Object>> org.springframework.boot.autoconfigure.web.servlet.error.BasicErrorController.error(javax.servlet.http.HttpServletRequest)
15:22:22.785 logback [main] INFO  o.s.w.s.m.m.a.RequestMappingHandlerMapping - Mapped "{[/error],produces=[text/html]}" onto public org.springframework.web.servlet.ModelAndView org.springframework.boot.autoconfigure.web.servlet.error.BasicErrorController.errorHtml(javax.servlet.http.HttpServletRequest,javax.servlet.http.HttpServletResponse)
15:22:22.795 logback [main] INFO  o.s.w.s.h.SimpleUrlHandlerMapping - Mapped URL path [/toView] onto handler of type [class org.springframework.web.servlet.mvc.ParameterizableViewController]
15:22:22.795 logback [main] INFO  o.s.w.s.h.SimpleUrlHandlerMapping - Mapped URL path [/toLogin] onto handler of type [class org.springframework.web.servlet.mvc.ParameterizableViewController]
15:22:22.795 logback [main] INFO  o.s.w.s.h.SimpleUrlHandlerMapping - Mapped URL path [/toIndex] onto handler of type [class org.springframework.web.servlet.mvc.ParameterizableViewController]
15:22:22.805 logback [main] INFO  o.s.w.s.h.SimpleUrlHandlerMapping - Mapped URL path [/webjars/**] onto handler of type [class org.springframework.web.servlet.resource.ResourceHttpRequestHandler]
15:22:22.805 logback [main] INFO  o.s.w.s.h.SimpleUrlHandlerMapping - Mapped URL path [/**] onto handler of type [class org.springframework.web.servlet.resource.ResourceHttpRequestHandler]
15:22:22.925 logback [main] INFO  o.s.w.s.s.s.ServerEndpointExporter - Registering @ServerEndpoint class: class com.ncu.springboot.BitCoinServer
15:22:22.925 logback [main] INFO  o.s.j.e.a.AnnotationMBeanExporter - Registering beans for JMX exposure on startup
15:22:22.935 logback [main] INFO  o.a.coyote.http11.Http11NioProtocol - Starting ProtocolHandler ["http-nio-9090"]
15:22:22.945 logback [main] INFO  o.a.tomcat.util.net.NioSelectorPool - Using a shared selector for servlet write/read
15:22:22.955 logback [main] INFO  o.s.b.w.e.tomcat.TomcatWebServer - Tomcat started on port(s): 9090 (http) with context path ''
15:22:22.955 logback [main] INFO  com.ncu.springboot.Application - Started Application in 1.673 seconds (JVM running for 2.126)
15:22:59.757 logback [main] INFO  com.ncu.springboot.Application - Starting Application on BG332450 with PID 10108 (E:\springBootLearn\spring-boot\target\classes started by BG332450 in E:\springBootLearn\spring-boot)
15:22:59.767 logback [main] INFO  com.ncu.springboot.Application - The following profiles are active: dev,thymeleaf
15:22:59.807 logback [main] INFO  o.s.b.w.s.c.AnnotationConfigServletWebServerApplicationContext - Refreshing org.springframework.boot.web.servlet.context.AnnotationConfigServletWebServerApplicationContext@323b36e0: startup date [Wed Aug 29 15:22:59 CST 2018]; root of context hierarchy
15:23:00.580 logback [main] INFO  o.s.b.w.e.tomcat.TomcatWebServer - Tomcat initialized with port(s): 9090 (http)
15:23:00.584 logback [main] INFO  o.a.coyote.http11.Http11NioProtocol - Initializing ProtocolHandler ["http-nio-9090"]
15:23:00.594 logback [main] INFO  o.a.catalina.core.StandardService - Starting service [Tomcat]
15:23:00.594 logback [main] INFO  o.a.catalina.core.StandardEngine - Starting Servlet Engine: Apache Tomcat/8.5.32
15:23:00.594 logback [localhost-startStop-1] INFO  o.a.c.core.AprLifecycleListener - The APR based Apache Tomcat Native library which allows optimal performance in production environments was not found on the java.library.path: [D:\SoftWare\Java\jdk1.8.0_162\bin;C:\Windows\Sun\Java\bin;C:\Windows\system32;C:\Windows;C:\ProgramData\Oracle\Java\javapath;C:\Windows\system32;C:\Windows;C:\Windows\System32\Wbem;C:\Windows\System32\WindowsPowerShell\v1.0\;D:\SoftWare\nodejs\;D:\SoftWare\Git\cmd;%NODE_PATH%;D:\SoftWare\TortoiseGit\bin;D:\SoftWare\Python\Python27;D:\SoftWare\TortoiseSVN\bin;D:\SoftWare\gradle\gradle-4.9\bin;C:\Users\BG332450\AppData\Local\Microsoft\WindowsApps;D:\SoftWare\apache-maven-3.3.9\bin;D:\SoftWare\Java\jdk1.8.0_162\bin;C:\Users\BG332450\AppData\Roaming\npm;%MySQL%\bin;C:\Users\BG332450\react-family\node_modules\.bin;D:\SoftWare\Redis-x64-3.2.100;.]
15:23:00.654 logback [localhost-startStop-1] INFO  o.a.c.c.C.[Tomcat].[localhost].[/] - Initializing Spring embedded WebApplicationContext
15:23:00.654 logback [localhost-startStop-1] INFO  o.s.web.context.ContextLoader - Root WebApplicationContext: initialization completed in 847 ms
15:23:00.704 logback [localhost-startStop-1] INFO  o.s.b.w.s.ServletRegistrationBean - Servlet dispatcherServlet mapped to [/]
15:23:00.704 logback [localhost-startStop-1] INFO  o.s.b.w.s.FilterRegistrationBean - Mapping filter: 'characterEncodingFilter' to: [/*]
15:23:00.704 logback [localhost-startStop-1] INFO  o.s.b.w.s.FilterRegistrationBean - Mapping filter: 'hiddenHttpMethodFilter' to: [/*]
15:23:00.704 logback [localhost-startStop-1] INFO  o.s.b.w.s.FilterRegistrationBean - Mapping filter: 'httpPutFormContentFilter' to: [/*]
15:23:00.704 logback [localhost-startStop-1] INFO  o.s.b.w.s.FilterRegistrationBean - Mapping filter: 'requestContextFilter' to: [/*]
15:23:00.704 logback [localhost-startStop-1] INFO  o.s.b.w.s.FilterRegistrationBean - Mapping filter: 'resourceUrlEncodingFilter' to: [/*]
15:23:00.774 logback [main] INFO  o.s.w.s.h.SimpleUrlHandlerMapping - Mapped URL path [/**/favicon.ico] onto handler of type [class org.springframework.web.servlet.resource.ResourceHttpRequestHandler]
15:23:00.884 logback [main] INFO  o.s.w.s.m.m.a.RequestMappingHandlerAdapter - Looking for @ControllerAdvice: org.springframework.boot.web.servlet.context.AnnotationConfigServletWebServerApplicationContext@323b36e0: startup date [Wed Aug 29 15:22:59 CST 2018]; root of context hierarchy
15:23:00.924 logback [main] INFO  o.s.w.s.m.m.a.RequestMappingHandlerMapping - Mapped "{[/login]}" onto public java.util.Map<java.lang.String, java.lang.String> com.ncu.springboot.Application.login(javax.servlet.http.HttpServletRequest)
15:23:00.924 logback [main] INFO  o.s.w.s.m.m.a.RequestMappingHandlerMapping - Mapped "{[/]}" onto public org.springframework.web.servlet.ModelAndView com.ncu.springboot.Application.webSocketView()
15:23:00.924 logback [main] INFO  o.s.w.s.m.m.a.RequestMappingHandlerMapping - Mapped "{[/thymeleaf/websocket]}" onto public org.springframework.web.servlet.ModelAndView com.ncu.springboot.ThymeleafController.index()
15:23:00.924 logback [main] INFO  o.s.w.s.m.m.a.RequestMappingHandlerMapping - Mapped "{[/error]}" onto public org.springframework.http.ResponseEntity<java.util.Map<java.lang.String, java.lang.Object>> org.springframework.boot.autoconfigure.web.servlet.error.BasicErrorController.error(javax.servlet.http.HttpServletRequest)
15:23:00.924 logback [main] INFO  o.s.w.s.m.m.a.RequestMappingHandlerMapping - Mapped "{[/error],produces=[text/html]}" onto public org.springframework.web.servlet.ModelAndView org.springframework.boot.autoconfigure.web.servlet.error.BasicErrorController.errorHtml(javax.servlet.http.HttpServletRequest,javax.servlet.http.HttpServletResponse)
15:23:00.934 logback [main] INFO  o.s.w.s.h.SimpleUrlHandlerMapping - Mapped URL path [/toView] onto handler of type [class org.springframework.web.servlet.mvc.ParameterizableViewController]
15:23:00.934 logback [main] INFO  o.s.w.s.h.SimpleUrlHandlerMapping - Mapped URL path [/toLogin] onto handler of type [class org.springframework.web.servlet.mvc.ParameterizableViewController]
15:23:00.934 logback [main] INFO  o.s.w.s.h.SimpleUrlHandlerMapping - Mapped URL path [/toIndex] onto handler of type [class org.springframework.web.servlet.mvc.ParameterizableViewController]
15:23:00.944 logback [main] INFO  o.s.w.s.h.SimpleUrlHandlerMapping - Mapped URL path [/webjars/**] onto handler of type [class org.springframework.web.servlet.resource.ResourceHttpRequestHandler]
15:23:00.944 logback [main] INFO  o.s.w.s.h.SimpleUrlHandlerMapping - Mapped URL path [/**] onto handler of type [class org.springframework.web.servlet.resource.ResourceHttpRequestHandler]
15:23:01.074 logback [main] INFO  o.s.w.s.s.s.ServerEndpointExporter - Registering @ServerEndpoint class: class com.ncu.springboot.BitCoinServer
15:23:01.074 logback [main] INFO  o.s.j.e.a.AnnotationMBeanExporter - Registering beans for JMX exposure on startup
15:23:01.084 logback [main] INFO  o.a.coyote.http11.Http11NioProtocol - Starting ProtocolHandler ["http-nio-9090"]
15:23:01.094 logback [main] INFO  o.a.tomcat.util.net.NioSelectorPool - Using a shared selector for servlet write/read
15:23:01.104 logback [main] INFO  o.s.b.w.e.tomcat.TomcatWebServer - Tomcat started on port(s): 9090 (http) with context path ''
15:23:01.104 logback [main] INFO  com.ncu.springboot.Application - Started Application in 1.764 seconds (JVM running for 2.232)
